<?xml version="1.0" encoding="UTF-8"?>
<!-- Generated by org.testng.reporters.JUnitReportReporter -->
<testsuite hostname="Mukil" failures="0" tests="4" name="testLayer.LoginTest" time="65.079" errors="0" timestamp="2023-02-02T22:48:10 EST" skipped="0">
  <testcase classname="testLayer.LoginTest" name="Title" time="10.938"/>
  <system-out/>
  <testcase classname="testLayer.LoginTest" name="Login" time="17.712"/>
  <system-out/>
  <testcase classname="testLayer.LoginTest" name="Login" time="20.585"/>
  <system-out/>
  <testcase classname="testLayer.LoginTest" name="Login" time="15.844"/>
  <system-out/>
</testsuite> <!-- testLayer.LoginTest -->
